2020-01-27 17:24:16,218 DEBUG [Test worker] RequestAddCookies:123 - CookieSpec selected: standard
2020-01-27 17:24:16,310 DEBUG [Test worker] RequestAuthCache:77 - Auth cache not set in the context
2020-01-27 17:24:16,315 DEBUG [Test worker] PoolingHttpClientConnectionManager:265 - Connection request: [route: {s}->https://raw.githubusercontent.com:443][total kept alive: 0; route allocated: 0 of 2; total allocated: 0 of 20]
2020-01-27 17:24:16,416 DEBUG [Test worker] PoolingHttpClientConnectionManager:309 - Connection leased: [id: 0][route: {s}->https://raw.githubusercontent.com:443][total kept alive: 0; route allocated: 1 of 2; total allocated: 1 of 20]
2020-01-27 17:24:16,421 DEBUG [Test worker] MainClientExec:235 - Opening connection {s}->https://raw.githubusercontent.com:443
2020-01-27 17:24:16,613 DEBUG [Test worker] DefaultHttpClientConnectionOperator:139 - Connecting to raw.githubusercontent.com/151.101.152.133:443
2020-01-27 17:24:16,614 DEBUG [Test worker] SSLConnectionSocketFactory:337 - Connecting socket to raw.githubusercontent.com/151.101.152.133:443 with timeout 0
2020-01-27 17:24:16,771 DEBUG [Test worker] SSLConnectionSocketFactory:390 - Enabled protocols: [TLSv1, TLSv1.1, TLSv1.2]
2020-01-27 17:24:16,772 DEBUG [Test worker] SSLConnectionSocketFactory:391 - Enabled cipher suites:[TLS_ECDHE_ECDSA_WITH_AES_256_CBC_SHA384, TLS_ECDHE_RSA_WITH_AES_256_CBC_SHA384, TLS_RSA_WITH_AES_256_CBC_SHA256, TLS_ECDH_ECDSA_WITH_AES_256_CBC_SHA384, TLS_ECDH_RSA_WITH_AES_256_CBC_SHA384, TLS_DHE_RSA_WITH_AES_256_CBC_SHA256, TLS_DHE_DSS_WITH_AES_256_CBC_SHA256, TLS_ECDHE_ECDSA_WITH_AES_256_CBC_SHA, TLS_ECDHE_RSA_WITH_AES_256_CBC_SHA, TLS_RSA_WITH_AES_256_CBC_SHA, TLS_ECDH_ECDSA_WITH_AES_256_CBC_SHA, TLS_ECDH_RSA_WITH_AES_256_CBC_SHA, TLS_DHE_RSA_WITH_AES_256_CBC_SHA, TLS_DHE_DSS_WITH_AES_256_CBC_SHA, TLS_ECDHE_ECDSA_WITH_AES_128_CBC_SHA256, TLS_ECDHE_RSA_WITH_AES_128_CBC_SHA256, TLS_RSA_WITH_AES_128_CBC_SHA256, TLS_ECDH_ECDSA_WITH_AES_128_CBC_SHA256, TLS_ECDH_RSA_WITH_AES_128_CBC_SHA256, TLS_DHE_RSA_WITH_AES_128_CBC_SHA256, TLS_DHE_DSS_WITH_AES_128_CBC_SHA256, TLS_ECDHE_ECDSA_WITH_AES_128_CBC_SHA, TLS_ECDHE_RSA_WITH_AES_128_CBC_SHA, TLS_RSA_WITH_AES_128_CBC_SHA, TLS_ECDH_ECDSA_WITH_AES_128_CBC_SHA, TLS_ECDH_RSA_WITH_AES_128_CBC_SHA, TLS_DHE_RSA_WITH_AES_128_CBC_SHA, TLS_DHE_DSS_WITH_AES_128_CBC_SHA, TLS_ECDHE_ECDSA_WITH_AES_256_GCM_SHA384, TLS_ECDHE_ECDSA_WITH_AES_128_GCM_SHA256, TLS_ECDHE_RSA_WITH_AES_256_GCM_SHA384, TLS_RSA_WITH_AES_256_GCM_SHA384, TLS_ECDH_ECDSA_WITH_AES_256_GCM_SHA384, TLS_ECDH_RSA_WITH_AES_256_GCM_SHA384, TLS_DHE_RSA_WITH_AES_256_GCM_SHA384, TLS_DHE_DSS_WITH_AES_256_GCM_SHA384, TLS_ECDHE_RSA_WITH_AES_128_GCM_SHA256, TLS_RSA_WITH_AES_128_GCM_SHA256, TLS_ECDH_ECDSA_WITH_AES_128_GCM_SHA256, TLS_ECDH_RSA_WITH_AES_128_GCM_SHA256, TLS_DHE_RSA_WITH_AES_128_GCM_SHA256, TLS_DHE_DSS_WITH_AES_128_GCM_SHA256, TLS_EMPTY_RENEGOTIATION_INFO_SCSV]
2020-01-27 17:24:16,772 DEBUG [Test worker] SSLConnectionSocketFactory:395 - Starting handshake
2020-01-27 17:24:17,478 DEBUG [Test worker] SSLConnectionSocketFactory:425 - Secure session established
2020-01-27 17:24:17,479 DEBUG [Test worker] SSLConnectionSocketFactory:426 -  negotiated protocol: TLSv1.2
2020-01-27 17:24:17,479 DEBUG [Test worker] SSLConnectionSocketFactory:427 -  negotiated cipher suite: TLS_ECDHE_RSA_WITH_AES_128_GCM_SHA256
2020-01-27 17:24:17,485 DEBUG [Test worker] SSLConnectionSocketFactory:435 -  peer principal: CN=www.github.com, O="GitHub, Inc.", L=San Francisco, ST=California, C=US
2020-01-27 17:24:17,486 DEBUG [Test worker] SSLConnectionSocketFactory:444 -  peer alternative names: [www.github.com, *.github.com, github.com, *.github.io, github.io, *.githubusercontent.com, githubusercontent.com]
2020-01-27 17:24:17,487 DEBUG [Test worker] SSLConnectionSocketFactory:448 -  issuer principal: CN=DigiCert SHA2 High Assurance Server CA, OU=www.digicert.com, O=DigiCert Inc, C=US
2020-01-27 17:24:17,492 DEBUG [Test worker] DefaultHttpClientConnectionOperator:146 - Connection established 192.168.0.157:41724<->151.101.152.133:443
2020-01-27 17:24:17,493 DEBUG [Test worker] DefaultManagedHttpClientConnection:88 - http-outgoing-0: set socket timeout to 30000
2020-01-27 17:24:17,494 DEBUG [Test worker] MainClientExec:256 - Executing request GET /bonigarcia/webdrivermanager/master/src/main/resources/versions.properties HTTP/1.1
2020-01-27 17:24:17,495 DEBUG [Test worker] MainClientExec:261 - Target auth state: UNCHALLENGED
2020-01-27 17:24:17,496 DEBUG [Test worker] MainClientExec:267 - Proxy auth state: UNCHALLENGED
2020-01-27 17:24:17,499 DEBUG [Test worker] headers:133 - http-outgoing-0 >> GET /bonigarcia/webdrivermanager/master/src/main/resources/versions.properties HTTP/1.1
2020-01-27 17:24:17,506 DEBUG [Test worker] headers:136 - http-outgoing-0 >> User-Agent: Apache-HttpClient/4.5.6
2020-01-27 17:24:17,507 DEBUG [Test worker] headers:136 - http-outgoing-0 >> Connection: keep-alive
2020-01-27 17:24:17,507 DEBUG [Test worker] headers:136 - http-outgoing-0 >> Host: raw.githubusercontent.com
2020-01-27 17:24:17,508 DEBUG [Test worker] headers:136 - http-outgoing-0 >> Accept-Encoding: gzip,deflate
2020-01-27 17:24:17,509 DEBUG [Test worker] wire:73 - http-outgoing-0 >> "GET /bonigarcia/webdrivermanager/master/src/main/resources/versions.properties HTTP/1.1[\r][\n]"
2020-01-27 17:24:17,510 DEBUG [Test worker] wire:73 - http-outgoing-0 >> "User-Agent: Apache-HttpClient/4.5.6[\r][\n]"
2020-01-27 17:24:17,510 DEBUG [Test worker] wire:73 - http-outgoing-0 >> "Connection: keep-alive[\r][\n]"
2020-01-27 17:24:17,511 DEBUG [Test worker] wire:73 - http-outgoing-0 >> "Host: raw.githubusercontent.com[\r][\n]"
2020-01-27 17:24:17,512 DEBUG [Test worker] wire:73 - http-outgoing-0 >> "Accept-Encoding: gzip,deflate[\r][\n]"
2020-01-27 17:24:17,512 DEBUG [Test worker] wire:73 - http-outgoing-0 >> "[\r][\n]"
2020-01-27 17:24:17,579 DEBUG [Test worker] wire:73 - http-outgoing-0 << "HTTP/1.1 200 OK[\r][\n]"
2020-01-27 17:24:17,580 DEBUG [Test worker] wire:73 - http-outgoing-0 << "Content-Type: text/plain; charset=utf-8[\r][\n]"
2020-01-27 17:24:17,580 DEBUG [Test worker] wire:73 - http-outgoing-0 << "Content-Security-Policy: default-src 'none'; style-src 'unsafe-inline'; sandbox[\r][\n]"
2020-01-27 17:24:17,580 DEBUG [Test worker] wire:73 - http-outgoing-0 << "Strict-Transport-Security: max-age=31536000[\r][\n]"
2020-01-27 17:24:17,581 DEBUG [Test worker] wire:73 - http-outgoing-0 << "X-Content-Type-Options: nosniff[\r][\n]"
2020-01-27 17:24:17,581 DEBUG [Test worker] wire:73 - http-outgoing-0 << "X-Frame-Options: deny[\r][\n]"
2020-01-27 17:24:17,583 DEBUG [Test worker] wire:73 - http-outgoing-0 << "X-XSS-Protection: 1; mode=block[\r][\n]"
2020-01-27 17:24:17,583 DEBUG [Test worker] wire:73 - http-outgoing-0 << "ETag: W/"d2fc0b653dc98ed9127de7dc8ed76240ac9311c98a0222de66487b20c7e7dc0f"[\r][\n]"
2020-01-27 17:24:17,584 DEBUG [Test worker] wire:73 - http-outgoing-0 << "Cache-Control: max-age=300[\r][\n]"
2020-01-27 17:24:17,584 DEBUG [Test worker] wire:73 - http-outgoing-0 << "X-Geo-Block-List:[\r][\n]"
2020-01-27 17:24:17,584 DEBUG [Test worker] wire:73 - http-outgoing-0 << "Via: 1.1 varnish-v4[\r][\n]"
2020-01-27 17:24:17,584 DEBUG [Test worker] wire:73 - http-outgoing-0 << "Content-Encoding: gzip[\r][\n]"
2020-01-27 17:24:17,585 DEBUG [Test worker] wire:73 - http-outgoing-0 << "X-GitHub-Request-Id: DA62:70FF:3D116:503AD:5E2ECCBE[\r][\n]"
2020-01-27 17:24:17,585 DEBUG [Test worker] wire:73 - http-outgoing-0 << "Content-Length: 724[\r][\n]"
2020-01-27 17:24:17,585 DEBUG [Test worker] wire:73 - http-outgoing-0 << "Accept-Ranges: bytes[\r][\n]"
2020-01-27 17:24:17,585 DEBUG [Test worker] wire:73 - http-outgoing-0 << "Date: Mon, 27 Jan 2020 11:54:17 GMT[\r][\n]"
2020-01-27 17:24:17,585 DEBUG [Test worker] wire:73 - http-outgoing-0 << "Via: 1.1 varnish[\r][\n]"
2020-01-27 17:24:17,586 DEBUG [Test worker] wire:73 - http-outgoing-0 << "Connection: keep-alive[\r][\n]"
2020-01-27 17:24:17,586 DEBUG [Test worker] wire:73 - http-outgoing-0 << "X-Served-By: cache-bom18224-BOM[\r][\n]"
2020-01-27 17:24:17,586 DEBUG [Test worker] wire:73 - http-outgoing-0 << "X-Cache: HIT[\r][\n]"
2020-01-27 17:24:17,586 DEBUG [Test worker] wire:73 - http-outgoing-0 << "X-Cache-Hits: 10[\r][\n]"
2020-01-27 17:24:17,586 DEBUG [Test worker] wire:73 - http-outgoing-0 << "X-Timer: S1580126058.557651,VS0,VE0[\r][\n]"
2020-01-27 17:24:17,587 DEBUG [Test worker] wire:73 - http-outgoing-0 << "Vary: Authorization,Accept-Encoding, Accept-Encoding[\r][\n]"
2020-01-27 17:24:17,587 DEBUG [Test worker] wire:73 - http-outgoing-0 << "Access-Control-Allow-Origin: *[\r][\n]"
2020-01-27 17:24:17,587 DEBUG [Test worker] wire:73 - http-outgoing-0 << "X-Fastly-Request-ID: 94e92563ab265a3be953e2a25c2a7148bafd9ea4[\r][\n]"
2020-01-27 17:24:17,587 DEBUG [Test worker] wire:73 - http-outgoing-0 << "Expires: Mon, 27 Jan 2020 11:59:17 GMT[\r][\n]"
2020-01-27 17:24:17,588 DEBUG [Test worker] wire:73 - http-outgoing-0 << "Source-Age: 49[\r][\n]"
2020-01-27 17:24:17,588 DEBUG [Test worker] wire:73 - http-outgoing-0 << "[\r][\n]"
2020-01-27 17:24:17,588 DEBUG [Test worker] wire:73 - http-outgoing-0 << "[0x1f][0x8b][0x8][0x0][0x0][0x0][0x0][0x0][0x0][0x3][0x8d][0x95][0xcb]n[0xdb]0[0x10]E[0xf7][0xfe][\n]"
2020-01-27 17:24:17,588 DEBUG [Test worker] wire:73 - http-outgoing-0 << "[0x2][0xd9][0xb4][0x8b]P|H[0xa4]d[0x80][0x9b]>WA[0x17][0xed][0xf][0xc8]6m[0xb][0x91]M[0x83][0x92][0xe3][0xb6]_[0xdf][0x19][0xbe][0xa2][0x18]-[0xd0][0xe5]=[0x1a][0x92][0xd7][0x1c][0xde][0xf1][0x3][0xf9]q[0x1c]&[0xb2][0x1f]FK[0xb6][0xee]<[0xf7][0xc3]y"[0xf3][0xd1][0x92][0xe7][0xb3][0xbb][0x9d][0xc9][0x8b][0xf5][0xd3][0xe0][0x0][0xed][0x9d]';?[0xa0]&[0xef]6[0xc3][0xb9][0xf7][0xbf][0xde][0xc3][0x82][0xd3][0xa5][0x9f][0x87][\r][0xac][0xbd][\r][0xf3]1[0xac][0xdb]:[0xef][0xed]tq[0xe7][0xdd]p>[0x90][0x8d]w[0xb7][0xc9][0xfa][0xbc][0xcf]j[0xf5]@>D[0xb4]&_[0x9d];[0xc0][0xca][0x8f]G[0xef]N[0x96]<[0x92]Oa[0xfb]5[0xd9][0x6][0x10][0xf][0x83][0xfa][0xef][0xee][0xea][0xb7]vM[0x8e][0xf3]|YW[0xd5][0xf2]+[\r]b[0xb8][0x9e][0xa8][0xf3][0x87]j[0x7][0x86]G[0xd7][0xef][0xa6]U[0xac]i[0x99]i[0x19]eTv[0xad][0xa6]\%[0xaa];[0xa3][0xbb]@[0xeb][0x86][0xca]B[[0xa3][0xdb]@YM9kr[0xb1]6Z#nUCk[0x96][0xa9]2Z[0x5][0xca]:[0xca]E[0xd9][0xa3]1[0xba]A[0xac]5[0xa3][0xfc][0xb5][0xba]6[0xba][0xe]Xt[0xb4][0xd4]J[0xa3]%B[0xd5]J[0xaa][0xda][0xbc][0xb1]0[0x82][0xd6][0xa5][0x86][0xbf]Q[0xc]U6[0xa6]:TuZ[0xa7]ZT"+[0x8d][0x8a]g[0xa5]Pe[0xeb][0xaa][0x1]%[0xf3]y[0xaa]F[0xa5]s[0xa5]D[0x95]OW[0xe8]E[0x96][0xf3][0xd0][0x8b],[0xe7][0xa1][0x17])[0xdf]t[0xf3][0xc9][0xfd][0x1e][0xc6][0xb1]'_[0x6]o[0xf7][0xee][0xe7][0xa2][0x9f][0x7][0xbb]}vm[0xe7][0x4][0xfd]<[0xc0][0xc3][0xb9]n(<[0xa5][0xea][0x14][0xb7][0xa8][0x16][0xb]*oG[0xdb]OvZ[0xed][0xe3][0xbe]Z[0x18]F[0x5][0xdc]~[0x1][0xfc][0x1e][0xb0];[0x0]w[0xf5]v[0x9]\[0x17][0x0]hU[0xde]Ci[0x4][0xd0][0xa4][0x2][0xd4]=h[0xee]A[0x8d][0x0]ZX[0x96][0xc8]{[0x10][0x9c][0x8a]EEp[0xca][0x17] 8][0x80]&8][0x82][0xe0]t[0x9][0x82][0xd3]%[0x8]N[0xe1][0x99]g[0x1f]Mp[0x8a]`[0x99][0xb5]o[0x17][0xeb][0xfb]EO[0x1c][0xea][0xff][0xe9]I([0x9c][0xdc]~[0xbe][0xf5][0xde]VA[0xe5][0xd0][0xc5][0xe5][0xaf][0x1d][\n]"
2020-01-27 17:24:17,589 DEBUG [Test worker] wire:73 - http-outgoing-0 << "[0x1f][0x15]d[0xa3][0xc4]Kw[0xab][0x8]![0x19]%][0xad]N[0x10]rQ[0xb2][0xc5][0x5]K[0x14][0x82][0xf1][0x9a]-)[0x12][0x15][0xcb]h[0xb1]\[0x9b]"[0x11][0xce][0x80][0xbb][0xb][0xf9][0x88]"[0x5]"[0x8a][0x94][0x87](R[0x1c][0xa2]Hi[0x88]"[0x85]![0x8a][0x94][0x85](R[0x14][0xa2][0x8]I[0x90][0xe9][0x9c][0x14][0x84][0xf0][0xa5]F[0x7][0xd9]q[0x8d][0xe]d2Z[0xa3][0x3][0x91].[0xa3]F[0x7] [0x96][0xed]y[0x1a][0xb6][0xde][0xe1]-[0x93][0xcf][0xbb][0xc3]r[0x16][0x9e]&[0xb][0xe0][0x9f][0x8d][0xda][0xd9][0x17];[0xe2][0xe1][0xf4][0x94]w[0x8]I[0xb2][0xe7][0xc7][0xeb]T[0x15][0xf6][0x88][0x9b]T[0xb3]s[0xe3]T[0xdd][0xec]&5n[0x85][0xb4][0xc]I[0xc5]qJ *[0x13][0x92][0xe3][0xf3][0xe]$MG[0x81][\r][0x8b]$[\r]F![0xb]IC[0x91][0xc3]@K5i[0x1e]r[0xd9][0xc1][0x83][0xc][0xcb][0xea][0xda]\[0xbc]}[0x84][0xff][0x98][0xb9][0x1f]G[0xbb][0x8b]P[0x18]E[0xb9][0xe6]0^B[\r]7[\r][0x8c]k[0xd1]uQ2[0x3][0x13][0xb9]aJ[0x6])[#a[0xb8][0xca].J[0x81][0x1d][0x84]y[0xdd][0xaa][0xf0]U0[0xc3]A[\n]"
2020-01-27 17:24:17,589 DEBUG [Test worker] wire:87 - http-outgoing-0 << "[0xf8]%[0x0][.K[0xa0][0xd9][0x6][0x0][0x0]"
2020-01-27 17:24:17,593 DEBUG [Test worker] headers:122 - http-outgoing-0 << HTTP/1.1 200 OK
2020-01-27 17:24:17,597 DEBUG [Test worker] headers:125 - http-outgoing-0 << Content-Type: text/plain; charset=utf-8
2020-01-27 17:24:17,598 DEBUG [Test worker] headers:125 - http-outgoing-0 << Content-Security-Policy: default-src 'none'; style-src 'unsafe-inline'; sandbox
2020-01-27 17:24:17,598 DEBUG [Test worker] headers:125 - http-outgoing-0 << Strict-Transport-Security: max-age=31536000
2020-01-27 17:24:17,602 DEBUG [Test worker] headers:125 - http-outgoing-0 << X-Content-Type-Options: nosniff
2020-01-27 17:24:17,602 DEBUG [Test worker] headers:125 - http-outgoing-0 << X-Frame-Options: deny
2020-01-27 17:24:17,603 DEBUG [Test worker] headers:125 - http-outgoing-0 << X-XSS-Protection: 1; mode=block
2020-01-27 17:24:17,603 DEBUG [Test worker] headers:125 - http-outgoing-0 << ETag: W/"d2fc0b653dc98ed9127de7dc8ed76240ac9311c98a0222de66487b20c7e7dc0f"
2020-01-27 17:24:17,603 DEBUG [Test worker] headers:125 - http-outgoing-0 << Cache-Control: max-age=300
2020-01-27 17:24:17,603 DEBUG [Test worker] headers:125 - http-outgoing-0 << X-Geo-Block-List:
2020-01-27 17:24:17,603 DEBUG [Test worker] headers:125 - http-outgoing-0 << Via: 1.1 varnish-v4
2020-01-27 17:24:17,604 DEBUG [Test worker] headers:125 - http-outgoing-0 << Content-Encoding: gzip
2020-01-27 17:24:17,604 DEBUG [Test worker] headers:125 - http-outgoing-0 << X-GitHub-Request-Id: DA62:70FF:3D116:503AD:5E2ECCBE
2020-01-27 17:24:17,604 DEBUG [Test worker] headers:125 - http-outgoing-0 << Content-Length: 724
2020-01-27 17:24:17,604 DEBUG [Test worker] headers:125 - http-outgoing-0 << Accept-Ranges: bytes
2020-01-27 17:24:17,604 DEBUG [Test worker] headers:125 - http-outgoing-0 << Date: Mon, 27 Jan 2020 11:54:17 GMT
2020-01-27 17:24:17,605 DEBUG [Test worker] headers:125 - http-outgoing-0 << Via: 1.1 varnish
2020-01-27 17:24:17,605 DEBUG [Test worker] headers:125 - http-outgoing-0 << Connection: keep-alive
2020-01-27 17:24:17,605 DEBUG [Test worker] headers:125 - http-outgoing-0 << X-Served-By: cache-bom18224-BOM
2020-01-27 17:24:17,605 DEBUG [Test worker] headers:125 - http-outgoing-0 << X-Cache: HIT
2020-01-27 17:24:17,605 DEBUG [Test worker] headers:125 - http-outgoing-0 << X-Cache-Hits: 10
2020-01-27 17:24:17,606 DEBUG [Test worker] headers:125 - http-outgoing-0 << X-Timer: S1580126058.557651,VS0,VE0
2020-01-27 17:24:17,606 DEBUG [Test worker] headers:125 - http-outgoing-0 << Vary: Authorization,Accept-Encoding, Accept-Encoding
2020-01-27 17:24:17,606 DEBUG [Test worker] headers:125 - http-outgoing-0 << Access-Control-Allow-Origin: *
2020-01-27 17:24:17,606 DEBUG [Test worker] headers:125 - http-outgoing-0 << X-Fastly-Request-ID: 94e92563ab265a3be953e2a25c2a7148bafd9ea4
2020-01-27 17:24:17,606 DEBUG [Test worker] headers:125 - http-outgoing-0 << Expires: Mon, 27 Jan 2020 11:59:17 GMT
2020-01-27 17:24:17,607 DEBUG [Test worker] headers:125 - http-outgoing-0 << Source-Age: 49
2020-01-27 17:24:17,610 DEBUG [Test worker] MainClientExec:285 - Connection can be kept alive indefinitely
2020-01-27 17:24:17,622 DEBUG [Test worker] PoolingHttpClientConnectionManager:341 - Connection [id: 0][route: {s}->https://raw.githubusercontent.com:443] can be kept alive indefinitely
2020-01-27 17:24:17,622 DEBUG [Test worker] DefaultManagedHttpClientConnection:88 - http-outgoing-0: set socket timeout to 0
2020-01-27 17:24:17,623 DEBUG [Test worker] PoolingHttpClientConnectionManager:348 - Connection released: [id: 0][route: {s}->https://raw.githubusercontent.com:443][total kept alive: 1; route allocated: 1 of 2; total allocated: 1 of 20]
2020-01-27 17:25:39,991  INFO [Test worker] FundooLoginTest:34 - Login operation started
2020-01-27 17:27:20,901  INFO [Test worker] FundooLoginTest:34 - Login operation started
2020-01-27 17:27:21,310  INFO [Test worker] FundooLoginTest:38 - login operation ended
2020-01-27 17:27:23,061 DEBUG [Finalizer] PoolingHttpClientConnectionManager:408 - Connection manager is shutting down
2020-01-27 17:27:23,064 DEBUG [Finalizer] PoolingHttpClientConnectionManager:414 - Connection manager shut down
2020-01-27 17:29:11,577  INFO [Test worker] FundooLoginTest:34 - Login operation started
2020-01-27 17:29:11,932  INFO [Test worker] FundooLoginTest:38 - login operation ended
2020-01-27 17:29:37,078  INFO [Test worker] FundooLoginTest:34 - Login operation started
